#
# There is insufficient memory for the Java Runtime Environment to continue.
# Native memory allocation (mmap) failed to map 3670016 bytes for G1 virtual space
# Possible reasons:
#   The system is out of physical RAM or swap space
#   The process is running with CompressedOops enabled, and the Java Heap may be blocking the growth of the native heap
# Possible solutions:
#   Reduce memory load on the system
#   Increase physical memory or swap space
#   Check if swap backing store is full
#   Decrease Java heap size (-Xmx/-Xms)
#   Decrease number of Java threads
#   Decrease Java thread stack sizes (-Xss)
#   Set larger code cache with -XX:ReservedCodeCacheSize=
#   JVM is running with Zero Based Compressed Oops mode in which the Java heap is
#     placed in the first 32GB address space. The Java Heap base address is the
#     maximum limit for the native heap growth. Please use -XX:HeapBaseMinAddress
#     to set the Java Heap base and to place the Java Heap above 32GB virtual address.
# This output file may be truncated or incomplete.
#
#  Out of Memory Error (os_windows.cpp:3600), pid=28280, tid=18768
#
# JRE version:  (21.0.2+13) (build )
# Java VM: OpenJDK 64-Bit Server VM (21.0.2+13-LTS, mixed mode, sharing, tiered, compressed oops, compressed class ptrs, g1 gc, windows-amd64)
# No core dump will be written. Minidumps are not enabled by default on client versions of Windows
#

---------------  S U M M A R Y ------------

Command Line: -Dfile.encoding=ISO-8859-1 -Dstdout.encoding=ISO-8859-1 -Dstderr.encoding=ISO-8859-1 -XX:+ShowCodeDetailsInExceptionMessages uniandes.dpoo.taller7.interfaz1.VentanaPrincipal

Host: AMD Ryzen 3 3300U with Radeon Vega Mobile Gfx  , 4 cores, 13G,  Windows 10 , 64 bit Build 19041 (10.0.19041.2364)
Time: Fri May 31 13:10:23 2024 SA Pacific Standard Time elapsed time: 0.013683 seconds (0d 0h 0m 0s)

---------------  T H R E A D  ---------------

Current thread (0x0000024d4e16bb50):  JavaThread "Unknown thread" [_thread_in_vm, id=18768, stack(0x0000007d43200000,0x0000007d43300000) (1024K)]

Stack: [0x0000007d43200000,0x0000007d43300000]
Native frames: (J=compiled Java code, j=interpreted, Vv=VM code, C=native code)
V  [jvm.dll+0x6c94f9]
V  [jvm.dll+0x8a3c21]
V  [jvm.dll+0x8a614e]
V  [jvm.dll+0x8a6823]
V  [jvm.dll+0x27fa86]
V  [jvm.dll+0x6c5c75]
V  [jvm.dll+0x6ba96a]
V  [jvm.dll+0x35398a]
V  [jvm.dll+0x35b536]
V  [jvm.dll+0x3ac6d3]
V  [jvm.dll+0x3ac968]
V  [jvm.dll+0x327bcc]
V  [jvm.dll+0x32872b]
V  [jvm.dll+0x86ccf9]
V  [jvm.dll+0x3b96c1]
V  [jvm.dll+0x854ec8]
V  [jvm.dll+0x44d44e]
V  [jvm.dll+0x44eed1]
C  [jli.dll+0x5278]
C  [ucrtbase.dll+0x21bb2]
C  [KERNEL32.DLL+0x17614]
C  [ntdll.dll+0x526a1]


---------------  P R O C E S S  ---------------

Threads class SMR info:
_java_thread_list=0x00007ff9aeddf088, length=0, elements={
}

Java Threads: ( => current thread )
Total: 0

Other Threads:
  0x0000024d50330aa0 WorkerThread "GC Thread#0"                     [id=23344, stack(0x0000007d43300000,0x0000007d43400000) (1024K)]
  0x0000024d50340290 ConcurrentGCThread "G1 Main Marker"            [id=17936, stack(0x0000007d43400000,0x0000007d43500000) (1024K)]
  0x0000024d50340d90 WorkerThread "G1 Conc#0"                       [id=28612, stack(0x0000007d43500000,0x0000007d43600000) (1024K)]

[error occurred during error reporting (printing all threads), id 0xc0000005, EXCEPTION_ACCESS_VIOLATION (0xc0000005) at pc=0x00007ff9ae4ea4f7]
VM state: not at safepoint (not fully initialized)

VM Mutex/Monitor currently owned by a thread:  ([mutex/lock_event])
[0x00007ff9aee53298] Heap_lock - owner thread: 0x0000024d4e16bb50

Heap address: 0x0000000721400000, size: 3564 MB, Compressed Oops mode: Zero based, Oop shift amount: 3

CDS archive(s) mapped at: [0x0000000000000000-0x0000000000000000-0x0000000000000000), size 0, SharedBaseAddress: 0x0000000800000000, ArchiveRelocationMode: 1.
Narrow klass base: 0x0000000000000000, Narrow klass shift: 0, Narrow klass range: 0x0

GC Precious Log:
 CardTable entry size: 512
 Card Set container configuration: InlinePtr #cards 4 size 8 Array Of Cards #cards 16 size 48 Howl #buckets 8 coarsen threshold 3686 Howl Bitmap #cards 512 size 80 coarsen threshold 460 Card regions per heap region 1 cards per card region 4096

Heap:
 garbage-first heap   total 0K, used 0K [0x0000000721400000, 0x0000000800000000)
  region size 2048K, 0 young (0K), 0 survivors (0K)

[error occurred during error reporting (printing heap information), id 0xc0000005, EXCEPTION_ACCESS_VIOLATION (0xc0000005) at pc=0x00007ff9ae8d23c9]
GC Heap History (0 events):
No events

Dll operation events (1 events):
Event: 0.007 Loaded shared library C:\Users\david\.p2\pool\plugins\org.eclipse.justj.openjdk.hotspot.jre.full.win32.x86_64_21.0.2.v20240123-0840\jre\bin\java.dll

Deoptimization events (0 events):
No events

Classes loaded (0 events):
No events

Classes unloaded (0 events):
No events

Classes redefined (0 events):
No events

Internal exceptions (0 events):
No events

ZGC Phase Switch (0 events):
No events

VM Operations (0 events):
No events

Events (0 events):
No events


Dynamic libraries:
0x00007ff6a9110000 - 0x00007ff6a911e000 	C:\Users\david\.p2\pool\plugins\org.eclipse.justj.openjdk.hotspot.jre.full.win32.x86_64_21.0.2.v20240123-0840\jre\bin\javaw.exe
0x00007ffaa7a50000 - 0x00007ffaa7c48000 	C:\windows\SYSTEM32\ntdll.dll
0x00007ffaa6d30000 - 0x00007ffaa6def000 	C:\windows\System32\KERNEL32.DLL
0x00007ffaa55a0000 - 0x00007ffaa5872000 	C:\windows\System32\KERNELBASE.dll
0x00007ffaa5230000 - 0x00007ffaa5330000 	C:\windows\System32\ucrtbase.dll
0x00007ffaa2a00000 - 0x00007ffaa2a18000 	C:\Users\david\.p2\pool\plugins\org.eclipse.justj.openjdk.hotspot.jre.full.win32.x86_64_21.0.2.v20240123-0840\jre\bin\jli.dll
0x00007ffaa29e0000 - 0x00007ffaa29fb000 	C:\Users\david\.p2\pool\plugins\org.eclipse.justj.openjdk.hotspot.jre.full.win32.x86_64_21.0.2.v20240123-0840\jre\bin\VCRUNTIME140.dll
0x00007ffaa5c60000 - 0x00007ffaa5e01000 	C:\windows\System32\USER32.dll
0x00007ffaa5570000 - 0x00007ffaa5592000 	C:\windows\System32\win32u.dll
0x00007ffa86e20000 - 0x00007ffa870ba000 	C:\windows\WinSxS\amd64_microsoft.windows.common-controls_6595b64144ccf1df_6.0.19041.1110_none_60b5254171f9507e\COMCTL32.dll
0x00007ffaa6f80000 - 0x00007ffaa6fab000 	C:\windows\System32\GDI32.dll
0x00007ffaa6b30000 - 0x00007ffaa6bce000 	C:\windows\System32\msvcrt.dll
0x00007ffaa5330000 - 0x00007ffaa543f000 	C:\windows\System32\gdi32full.dll
0x00007ffaa5190000 - 0x00007ffaa522d000 	C:\windows\System32\msvcp_win.dll
0x00007ffaa6e00000 - 0x00007ffaa6e32000 	C:\windows\System32\IMM32.DLL
0x00007ffaa29d0000 - 0x00007ffaa29dc000 	C:\Users\david\.p2\pool\plugins\org.eclipse.justj.openjdk.hotspot.jre.full.win32.x86_64_21.0.2.v20240123-0840\jre\bin\vcruntime140_1.dll
0x00007ffaa0b90000 - 0x00007ffaa0c1e000 	C:\Users\david\.p2\pool\plugins\org.eclipse.justj.openjdk.hotspot.jre.full.win32.x86_64_21.0.2.v20240123-0840\jre\bin\msvcp140.dll
0x00007ff9ae1b0000 - 0x00007ff9aef33000 	C:\Users\david\.p2\pool\plugins\org.eclipse.justj.openjdk.hotspot.jre.full.win32.x86_64_21.0.2.v20240123-0840\jre\bin\server\jvm.dll
0x00007ffaa7420000 - 0x00007ffaa74ce000 	C:\windows\System32\ADVAPI32.dll
0x00007ffaa5bc0000 - 0x00007ffaa5c5c000 	C:\windows\System32\sechost.dll
0x00007ffaa5a90000 - 0x00007ffaa5bb5000 	C:\windows\System32\RPCRT4.dll
0x00007ffaa6250000 - 0x00007ffaa62bb000 	C:\windows\System32\WS2_32.dll
0x00007ffa9be20000 - 0x00007ffa9be47000 	C:\windows\SYSTEM32\WINMM.dll
0x00007ffaa4fb0000 - 0x00007ffaa4ffb000 	C:\windows\SYSTEM32\POWRPROF.dll
0x00007ffa9be50000 - 0x00007ffa9be5a000 	C:\windows\SYSTEM32\VERSION.dll
0x00007ffaa4f90000 - 0x00007ffaa4fa2000 	C:\windows\SYSTEM32\UMPDC.dll
0x00007ffaa2fe0000 - 0x00007ffaa2ff2000 	C:\windows\SYSTEM32\kernel.appcore.dll
0x00007ffa9e680000 - 0x00007ffa9e68a000 	C:\Users\david\.p2\pool\plugins\org.eclipse.justj.openjdk.hotspot.jre.full.win32.x86_64_21.0.2.v20240123-0840\jre\bin\jimage.dll
0x00007ffa9ab40000 - 0x00007ffa9ad24000 	C:\windows\SYSTEM32\DBGHELP.DLL
0x00007ffa8db40000 - 0x00007ffa8db75000 	C:\windows\SYSTEM32\dbgcore.DLL
0x00007ffaa5470000 - 0x00007ffaa54f2000 	C:\windows\System32\bcryptPrimitives.dll
0x00007ffa9e4d0000 - 0x00007ffa9e4ef000 	C:\Users\david\.p2\pool\plugins\org.eclipse.justj.openjdk.hotspot.jre.full.win32.x86_64_21.0.2.v20240123-0840\jre\bin\java.dll

dbghelp: loaded successfully - version: 4.0.5 - missing functions: none
symbol engine: initialized successfully - sym options: 0x614 - pdb path: .;C:\Users\david\.p2\pool\plugins\org.eclipse.justj.openjdk.hotspot.jre.full.win32.x86_64_21.0.2.v20240123-0840\jre\bin;C:\windows\SYSTEM32;C:\windows\WinSxS\amd64_microsoft.windows.common-controls_6595b64144ccf1df_6.0.19041.1110_none_60b5254171f9507e;C:\Users\david\.p2\pool\plugins\org.eclipse.justj.openjdk.hotspot.jre.full.win32.x86_64_21.0.2.v20240123-0840\jre\bin\server

VM Arguments:
jvm_args: -Dfile.encoding=ISO-8859-1 -Dstdout.encoding=ISO-8859-1 -Dstderr.encoding=ISO-8859-1 -XX:+ShowCodeDetailsInExceptionMessages 
java_command: uniandes.dpoo.taller7.interfaz1.VentanaPrincipal
java_class_path (initial): C:\Users\david\Documents\OneDrive - Universidad de los Andes\3 TERCER SEMESTRE\DPO\Taller7_LightsOut_esqueleto.zip_expanded\Taller7_LightsOut_esqueleto\bin;C:\Users\david\Documents\OneDrive - Universidad de los Andes\3 TERCER SEMESTRE\DPO\Taller7_LightsOut_esqueleto.zip_expanded\Taller7_LightsOut_esqueleto\lib\flatlaf-1.0.jar
Launcher Type: SUN_STANDARD

[Global flags]
     intx CICompilerCount                          = 3                                         {product} {ergonomic}
     uint ConcGCThreads                            = 1                                         {product} {ergonomic}
     uint G1ConcRefinementThreads                  = 4                                         {product} {ergonomic}
   size_t G1HeapRegionSize                         = 2097152                                   {product} {ergonomic}
    uintx GCDrainStackTargetSize                   = 64                                        {product} {ergonomic}
   size_t InitialHeapSize                          = 234881024                                 {product} {ergonomic}
   size_t MarkStackSize                            = 4194304                                   {product} {ergonomic}
   size_t MaxHeapSize                              = 3737124864                                {product} {ergonomic}
   size_t MinHeapDeltaBytes                        = 2097152                                   {product} {ergonomic}
   size_t MinHeapSize                              = 8388608                                   {product} {ergonomic}
    uintx NonNMethodCodeHeapSize                   = 5832780                                {pd product} {ergonomic}
    uintx NonProfiledCodeHeapSize                  = 122912730                              {pd product} {ergonomic}
    uintx ProfiledCodeHeapSize                     = 122912730                              {pd product} {ergonomic}
    uintx ReservedCodeCacheSize                    = 251658240                              {pd product} {ergonomic}
     bool SegmentedCodeCache                       = true                                      {product} {ergonomic}
     bool ShowCodeDetailsInExceptionMessages       = true                                   {manageable} {command line}
   size_t SoftMaxHeapSize                          = 3737124864                             {manageable} {ergonomic}
     bool UseCompressedOops                        = true                           {product lp64_product} {ergonomic}
     bool UseG1GC                                  = true                                      {product} {ergonomic}
     bool UseLargePagesIndividualAllocation        = false                                  {pd product} {ergonomic}

Logging:
Log output configuration:
 #0: stdout all=warning uptime,level,tags foldmultilines=false
 #1: stderr all=off uptime,level,tags foldmultilines=false

Environment Variables:
JAVA_HOME=C:\Program Files\Java\jdk-21.0.2
PATH=C:/Users/david/.p2/pool/plugins/org.eclipse.justj.openjdk.hotspot.jre.full.win32.x86_64_21.0.2.v20240123-0840/jre/bin/server;C:/Users/david/.p2/pool/plugins/org.eclipse.justj.openjdk.hotspot.jre.full.win32.x86_64_21.0.2.v20240123-0840/jre/bin;C:\Program Files (x86)\Common Files\Oracle\Java\javapath;C:\windows\system32;C:\windows;C:\windows\System32\Wbem;C:\windows\System32\WindowsPowerShell\v1.0\;C:\windows\System32\OpenSSH\;C:\Program Files (x86)\Vim\vim82;C:\tools\Neovim\bin;C:\ProgramData\chocolatey\bin;C:\Program Files\dotnet\;C:\Program Files\Git\cmd;C:\Program Files\Java\jdk-21.0.2\bin;C:\Program Files\PuTTY\;C:\Program Files\HP\HP One Agent;C:\Users\david\AppData\Local\Microsoft\WindowsApps;C:\Users\david\AppData\Local\Programs\Microsoft VS Code\bin;C:\Program Files (x86)\Vim\vim82;C:\Users\david\AppData\Local\hyper\app-3.0.2\resources\bin;C:\tools\neovim\Neovim\bin;C:\windows\system32;
USERNAME=david
OS=Windows_NT
PROCESSOR_IDENTIFIER=AMD64 Family 23 Model 24 Stepping 1, AuthenticAMD
TMP=C:\Users\david\AppData\Local\Temp
TEMP=C:\Users\david\AppData\Local\Temp




Periodic native trim disabled

---------------  S Y S T E M  ---------------

OS:
 Windows 10 , 64 bit Build 19041 (10.0.19041.2364)
OS uptime: 0 days 1:47 hours

CPU: total 4 (initial active 4) (4 cores per cpu, 1 threads per core) family 23 model 24 stepping 1 microcode 0x0, cx8, cmov, fxsr, mmx, 3dnowpref, sse, sse2, sse3, ssse3, sse4a, sse4.1, sse4.2, popcnt, lzcnt, tsc, tscinvbit, avx, avx2, aes, clmul, bmi1, bmi2, adx, sha, fma, vzeroupper, clflush, clflushopt, rdtscp, f16c
Processor Information for all 4 processors :
  Max Mhz: 2100, Current Mhz: 2100, Mhz Limit: 2100

Memory: 4k page, system-wide physical 14249M (4579M free)
TotalPageFile size 27776M (AvailPageFile size 5M)
current process WorkingSet (physical memory assigned to process): 10M, peak: 10M
current process commit charge ("private bytes"): 276M, peak: 279M

vm_info: OpenJDK 64-Bit Server VM (21.0.2+13-LTS) for windows-amd64 JRE (21.0.2+13-LTS), built on 2024-01-16T00:00:00Z by "admin" with unknown MS VC++:1937

END.
